\BOOKMARK [1][]{Cabstract.1}{\376\377\144\130\211\201}{}% 1
\BOOKMARK [1][]{Eabstract.1}{\376\377\000A\000b\000s\000t\000r\000a\000c\000t}{}% 2
\BOOKMARK [1][]{tableofcontents.1}{\376\377\166\356\137\125}{}% 3
\BOOKMARK [0][]{chapter.1}{\376\377\173\054\0001\172\340\000\040\000\040\176\352\213\272}{}% 4
\BOOKMARK [1][]{section.1.1}{\376\377\0001\000.\0001\000\040\137\025\212\000\377\015\116\316\145\160\143\156\116\055\143\026\143\230\167\345\213\306}{chapter.1}% 5
\BOOKMARK [1][]{section.1.2}{\376\377\0001\000.\0002\000\040\170\024\172\166\200\314\146\157\116\016\166\370\121\163\135\345\117\134\126\336\230\176}{chapter.1}% 6
\BOOKMARK [2][]{subsection.1.2.1}{\376\377\0001\000.\0002\000.\0001\000\040\217\150\217\371\122\006\147\220\116\313\176\315}{section.1.2}% 7
\BOOKMARK [2][]{subsection.1.2.2}{\376\377\0001\000.\0002\000.\0002\000\040\200\132\174\173\122\006\147\220\116\313\176\315}{section.1.2}% 8
\BOOKMARK [1][]{section.1.3}{\376\377\0001\000.\0003\000\040\147\054\145\207\176\304\176\307\176\323\147\204\116\016\172\340\202\202\133\211\143\222}{chapter.1}% 9
\BOOKMARK [0][]{chapter.2}{\376\377\173\054\0002\172\340\000\040\000\040\217\150\217\371\145\160\143\156\166\370\117\074\136\246\136\246\221\317}{}% 10
\BOOKMARK [1][]{section.2.1}{\376\377\0002\000.\0001\000\040\127\372\147\054\140\035\140\363\116\016\116\073\211\201\215\041\163\056}{chapter.2}% 11
\BOOKMARK [2][]{subsection.2.1.1}{\376\377\0002\000.\0001\000.\0001\000\040\127\372\147\054\140\035\140\363}{section.2.1}% 12
\BOOKMARK [2][]{subsection.2.1.2}{\376\377\0002\000.\0001\000.\0002\000\040\116\073\211\201\215\041\163\056}{section.2.1}% 13
\BOOKMARK [1][]{section.2.2}{\376\377\0002\000.\0002\000\040\166\370\121\163\135\345\117\134\126\336\230\176}{chapter.2}% 14
\BOOKMARK [2][]{subsection.2.2.1}{\376\377\0002\000.\0002\000.\0001\000\040\127\372\116\216\122\250\140\001\145\366\225\364\211\304\145\164\166\204\166\370\117\074\136\246\136\246\221\317}{section.2.2}% 15
\BOOKMARK [2][]{subsection.2.2.2}{\376\377\0002\000.\0002\000.\0002\000\040\127\372\116\216\147\000\225\177\121\161\124\014\133\120\116\062\166\204\166\370\117\074\136\246\136\246\221\317}{section.2.2}% 16
\BOOKMARK [2][]{subsection.2.2.3}{\376\377\0002\000.\0002\000.\0003\000\040\127\372\116\216\147\000\134\017\177\026\217\221\215\335\171\273\166\204\166\370\117\074\136\246\136\246\221\317}{section.2.2}% 17
\BOOKMARK [1][]{section.2.3}{\376\377\0002\000.\0003\000\040\127\372\116\216\210\114\116\072\177\121\176\334\166\204\217\150\217\371\166\370\117\074\136\246\136\246\221\317}{chapter.2}% 18
\BOOKMARK [2][]{subsection.2.3.1}{\376\377\0002\000.\0003\000.\0001\000\040\121\306\131\007\135\345\117\134}{section.2.3}% 19
\BOOKMARK [2][]{subsection.2.3.2}{\376\377\0002\000.\0003\000.\0002\000\040\127\372\116\216\210\114\116\072\177\121\176\334\166\204\217\150\217\371\166\370\117\074\136\246\136\246\221\317}{section.2.3}% 20
\BOOKMARK [3][]{subsubsection.2.3.2.1}{\376\377\0002\000.\0003\000.\0002\000.\0001\000\040\134\006\217\150\217\371\146\040\134\004\122\060\210\114\116\072\177\121\176\334}{subsection.2.3.2}% 21
\BOOKMARK [3][]{subsubsection.2.3.2.2}{\376\377\0002\000.\0003\000.\0002\000.\0002\000\040\210\114\116\072\177\121\176\334\166\370\117\074\136\246\153\324\217\203}{subsection.2.3.2}% 22
\BOOKMARK [1][]{section.2.4}{\376\377\0002\000.\0004\000\040\133\236\232\214}{chapter.2}% 23
\BOOKMARK [1][]{section.2.5}{\376\377\0002\000.\0005\000\040\140\073\176\323}{chapter.2}% 24
\BOOKMARK [0][]{chapter.3}{\376\377\173\054\0003\172\340\000\040\000\040\127\372\116\216\122\250\140\001\116\244\116\222\166\204\171\076\126\342\143\026\143\230\173\227\154\325}{}% 25
\BOOKMARK [1][]{section.3.1}{\376\377\0003\000.\0001\000\040\127\372\147\054\140\035\140\363\116\016\116\073\211\201\215\041\163\056}{chapter.3}% 26
\BOOKMARK [2][]{subsection.3.1.1}{\376\377\0003\000.\0001\000.\0001\000\040\127\372\147\054\140\035\140\363}{section.3.1}% 27
\BOOKMARK [2][]{subsection.3.1.2}{\376\377\0003\000.\0001\000.\0002\000\040\116\073\211\201\215\041\163\056}{section.3.1}% 28
\BOOKMARK [1][]{section.3.2}{\376\377\0003\000.\0002\000\040\166\370\121\163\135\345\117\134\126\336\230\176}{chapter.3}% 29
\BOOKMARK [1][]{section.3.3}{\376\377\0003\000.\0003\000\040\127\372\116\216\122\250\140\001\116\244\116\222\166\204\171\076\126\342\143\026\143\230\173\227\154\325}{chapter.3}% 30
\BOOKMARK [2][]{subsection.3.3.1}{\376\377\0003\000.\0003\000.\0001\000\040\121\306\131\007\135\345\117\134}{section.3.3}% 31
\BOOKMARK [2][]{subsection.3.3.2}{\376\377\0003\000.\0003\000.\0002\000\040\116\244\116\222\152\041\127\213}{section.3.3}% 32
\BOOKMARK [2][]{subsection.3.3.3}{\376\377\0003\000.\0003\000.\0003\000\040\000A\000t\000t\000r\000a\000c\000t\000o\000r\000\040\173\227\154\325}{section.3.3}% 33
\BOOKMARK [3][]{subsubsection.3.3.3.1}{\376\377\0003\000.\0003\000.\0003\000.\0001\000\040\000A\000t\000t\000r\000a\000c\000t\000o\000r\000\040\173\227\154\325}{subsection.3.3.3}% 34
\BOOKMARK [3][]{subsubsection.3.3.3.2}{\376\377\0003\000.\0003\000.\0003\000.\0002\000\040\133\371\200\046\124\010\123\302\145\160\000\040\000\040\166\204\213\250\213\272}{subsection.3.3.3}% 35
\BOOKMARK [2][]{subsection.3.3.4}{\376\377\0003\000.\0003\000.\0004\000\040\145\366\225\364\131\015\147\102\136\246\122\006\147\220}{section.3.3}% 36
\BOOKMARK [1][]{section.3.4}{\376\377\0003\000.\0004\000\040\133\236\232\214}{chapter.3}% 37
\BOOKMARK [2][]{subsection.3.4.1}{\376\377\0003\000.\0004\000.\0001\000\040\116\272\135\345\145\160\143\156\226\306\116\012\166\204\133\371\153\324\213\325\232\214}{section.3.4}% 38
\BOOKMARK [3][]{subsubsection.3.4.1.1}{\376\377\0003\000.\0004\000.\0001\000.\0001\000\040\145\071\123\330\126\152\130\360\217\271\153\324\117\213}{subsection.3.4.1}% 39
\BOOKMARK [3][]{subsubsection.3.4.1.2}{\376\377\0003\000.\0004\000.\0001\000.\0002\000\040\145\071\123\330\177\121\176\334\172\000\165\217\136\246}{subsection.3.4.1}% 40
\BOOKMARK [2][]{subsection.3.4.2}{\376\377\0003\000.\0004\000.\0002\000\040\167\037\133\236\145\160\143\156\226\306\116\012\166\204\133\371\153\324\213\325\232\214}{section.3.4}% 41
\BOOKMARK [3][]{subsubsection.3.4.2.1}{\376\377\0003\000.\0004\000.\0002\000.\0001\000\040\171\076\126\342\176\323\147\204\135\362\167\345\166\204\177\121\176\334}{subsection.3.4.2}% 42
\BOOKMARK [3][]{subsubsection.3.4.2.2}{\376\377\0003\000.\0004\000.\0002\000.\0002\000\040\171\076\126\342\176\323\147\204\147\052\167\345\166\204\177\121\176\334}{subsection.3.4.2}% 43
\BOOKMARK [2][]{subsection.3.4.3}{\376\377\0003\000.\0004\000.\0003\000\040\171\076\126\342\211\304\152\041\122\006\136\003\124\214\126\152\130\360\160\271\150\300\155\113}{section.3.4}% 44
\BOOKMARK [3][]{subsubsection.3.4.3.1}{\376\377\0003\000.\0004\000.\0003\000.\0001\000\040\171\076\126\342\211\304\152\041\153\324\217\203}{subsection.3.4.3}% 45
\BOOKMARK [3][]{subsubsection.3.4.3.2}{\376\377\0003\000.\0004\000.\0003\000.\0002\000\040\126\152\130\360\160\271\150\300\155\113}{subsection.3.4.3}% 46
\BOOKMARK [2][]{subsection.3.4.4}{\376\377\0003\000.\0004\000.\0004\000\040\145\366\225\364\131\015\147\102\136\246\155\113\213\325}{section.3.4}% 47
\BOOKMARK [1][]{section.3.5}{\376\377\0003\000.\0005\000\040\140\073\176\323}{chapter.3}% 48
\BOOKMARK [0][]{chapter.4}{\376\377\173\054\0004\172\340\000\040\000\040\121\372\171\337\217\146\000G\000P\000S\217\150\217\371\200\132\174\173\122\006\147\220}{}% 49
\BOOKMARK [1][]{section.4.1}{\376\377\0004\000.\0001\000\040\145\160\143\156\226\306\213\364\146\016}{chapter.4}% 50
\BOOKMARK [1][]{section.4.2}{\376\377\0004\000.\0002\000\040\200\132\174\173\145\271\154\325\213\364\146\016}{chapter.4}% 51
\BOOKMARK [1][]{section.4.3}{\376\377\0004\000.\0003\000\040\176\323\147\234\123\312\213\250\213\272}{chapter.4}% 52
\BOOKMARK [0][]{chapter.5}{\376\377\173\054\0005\172\340\000\040\000\040\176\323\213\355}{}% 53
\BOOKMARK [1][]{section.5.1}{\376\377\0005\000.\0001\000\040\147\054\145\207\135\345\117\134\140\073\176\323}{chapter.5}% 54
\BOOKMARK [1][]{section.5.2}{\376\377\0005\000.\0002\000\040\116\013\116\000\153\145\135\345\117\134}{chapter.5}% 55
\BOOKMARK [0][]{section*.26}{\376\377\123\302\200\003\145\207\163\056}{}% 56
\BOOKMARK [0][]{section*.29}{\376\377\201\364\000\040\214\042}{}% 57
\BOOKMARK [0][]{appendix.A}{\376\377\226\104\137\125\000\040\000A\000\040\000\040\000A\000t\000t\000r\000a\000c\000t\000o\000r\000\040\173\227\154\325}{}% 58
\BOOKMARK [1][]{section.A.1}{\376\377\000A\000.\0001\000\040\000A\000t\000t\000r\000a\000c\000t\000o\000r\000\040\173\227\154\325\117\052\116\343\170\001\150\007\171\072}{appendix.A}% 59
\BOOKMARK [0][]{appendix.B}{\376\377\226\104\137\125\000\040\000B\000\040\000\040\217\150\217\371\166\370\117\074\136\246\136\246\221\317}{}% 60
\BOOKMARK [1][]{section.B.1}{\376\377\000B\000.\0001\000\040\121\372\171\337\217\146\217\150\217\371\166\370\117\074\136\246\133\214\145\164\176\323\147\234}{appendix.B}% 61
